This file contains any messages produced by compilers while
running configure, to aid debugging if configure makes a mistake.

It was created by edje_pick configure 0.2.0.0, which was
generated by GNU Autoconf 2.69.  Invocation command line was

  $ ./configure --prefix=/opt/e17 CFLAGS=-Wall -Wextra -Wshadow -g3 -O0 PKG_CONFIG_PATH=/opt/e17/lib/pkgconfig/ --no-create --no-recursion

## --------- ##
## Platform. ##
## --------- ##

hostname = aharon
uname -m = i686
uname -r = 3.5.0-32-generic
uname -s = Linux
uname -v = #53-Ubuntu SMP Wed May 29 20:22:58 UTC 2013

/usr/bin/uname -p = unknown
/bin/uname -X     = unknown

/bin/arch              = unknown
/usr/bin/arch -k       = unknown
/usr/convex/getsysinfo = unknown
/usr/bin/hostinfo      = unknown
/bin/machine           = unknown
/usr/bin/oslevel       = unknown
/bin/universe          = unknown

PATH: /usr/lib/lightdm/lightdm
PATH: /usr/local/sbin
PATH: /usr/local/bin
PATH: /usr/sbin
PATH: /usr/bin
PATH: /sbin
PATH: /bin
PATH: /usr/games
PATH: /usr/local/games
PATH: /opt/e17/bin


## ----------- ##
## Core tests. ##
## ----------- ##

configure:2271: checking build system type
configure:2285: result: i686-pc-linux-gnu
configure:2305: checking host system type
configure:2318: result: i686-pc-linux-gnu
configure:2338: checking target system type
configure:2351: result: i686-pc-linux-gnu
configure:2394: checking for a BSD-compatible install
configure:2462: result: /usr/bin/install -c
configure:2473: checking whether build environment is sane
configure:2523: result: yes
configure:2664: checking for a thread-safe mkdir -p
configure:2703: result: /bin/mkdir -p
configure:2716: checking for gawk
configure:2746: result: no
configure:2716: checking for mawk
configure:2732: found /usr/bin/mawk
configure:2743: result: mawk
configure:2754: checking whether make sets $(MAKE)
configure:2776: result: yes
configure:2867: checking whether make supports nested variables
configure:2884: result: yes
configure:2910: checking for style of include used by make
configure:2938: result: GNU
configure:3009: checking for gcc
configure:3025: found /usr/bin/gcc
configure:3036: result: gcc
configure:3265: checking for C compiler version
configure:3274: gcc --version >&5
gcc (Ubuntu/Linaro 4.7.2-2ubuntu1) 4.7.2
Copyright (C) 2012 Free Software Foundation, Inc.
This is free software; see the source for copying conditions.  There is NO
warranty; not even for MERCHANTABILITY or FITNESS FOR A PARTICULAR PURPOSE.

configure:3285: $? = 0
configure:3274: gcc -v >&5
Using built-in specs.
COLLECT_GCC=gcc
COLLECT_LTO_WRAPPER=/usr/lib/gcc/i686-linux-gnu/4.7/lto-wrapper
Target: i686-linux-gnu
Configured with: ../src/configure -v --with-pkgversion='Ubuntu/Linaro 4.7.2-2ubuntu1' --with-bugurl=file:///usr/share/doc/gcc-4.7/README.Bugs --enable-languages=c,c++,go,fortran,objc,obj-c++ --prefix=/usr --program-suffix=-4.7 --enable-shared --enable-linker-build-id --with-system-zlib --libexecdir=/usr/lib --without-included-gettext --enable-threads=posix --with-gxx-include-dir=/usr/include/c++/4.7 --libdir=/usr/lib --enable-nls --with-sysroot=/ --enable-clocale=gnu --enable-libstdcxx-debug --enable-libstdcxx-time=yes --enable-gnu-unique-object --enable-plugin --enable-objc-gc --enable-targets=all --disable-werror --with-arch-32=i686 --with-tune=generic --enable-checking=release --build=i686-linux-gnu --host=i686-linux-gnu --target=i686-linux-gnu
Thread model: posix
gcc version 4.7.2 (Ubuntu/Linaro 4.7.2-2ubuntu1) 
configure:3285: $? = 0
configure:3274: gcc -V >&5
gcc: error: unrecognized command line option '-V'
gcc: fatal error: no input files
compilation terminated.
configure:3285: $? = 4
configure:3274: gcc -qversion >&5
gcc: error: unrecognized command line option '-qversion'
gcc: fatal error: no input files
compilation terminated.
configure:3285: $? = 4
configure:3305: checking whether the C compiler works
configure:3327: gcc -Wall -Wextra -Wshadow -g3 -O0   conftest.c  >&5
configure:3331: $? = 0
configure:3379: result: yes
configure:3382: checking for C compiler default output file name
configure:3384: result: a.out
configure:3390: checking for suffix of executables
configure:3397: gcc -o conftest -Wall -Wextra -Wshadow -g3 -O0   conftest.c  >&5
configure:3401: $? = 0
configure:3423: result: 
configure:3445: checking whether we are cross compiling
configure:3453: gcc -o conftest -Wall -Wextra -Wshadow -g3 -O0   conftest.c  >&5
configure:3457: $? = 0
configure:3464: ./conftest
configure:3468: $? = 0
configure:3483: result: no
configure:3488: checking for suffix of object files
configure:3510: gcc -c -Wall -Wextra -Wshadow -g3 -O0  conftest.c >&5
configure:3514: $? = 0
configure:3535: result: o
configure:3539: checking whether we are using the GNU C compiler
configure:3558: gcc -c -Wall -Wextra -Wshadow -g3 -O0  conftest.c >&5
configure:3558: $? = 0
configure:3567: result: yes
configure:3576: checking whether gcc accepts -g
configure:3596: gcc -c -g  conftest.c >&5
configure:3596: $? = 0
configure:3637: result: yes
configure:3654: checking for gcc option to accept ISO C89
configure:3717: gcc  -c -Wall -Wextra -Wshadow -g3 -O0  conftest.c >&5
configure:3717: $? = 0
configure:3730: result: none needed
configure:3752: checking dependency style of gcc
configure:3863: result: gcc3
configure:3884: checking how to run the C preprocessor
configure:3915: gcc -E  conftest.c
configure:3915: $? = 0
configure:3929: gcc -E  conftest.c
conftest.c:11:28: fatal error: ac_nonexistent.h: No such file or directory
compilation terminated.
configure:3929: $? = 1
configure: failed program was:
| /* confdefs.h */
| #define PACKAGE_NAME "edje_pick"
| #define PACKAGE_TARNAME "edje_pick"
| #define PACKAGE_VERSION "0.2.0.0"
| #define PACKAGE_STRING "edje_pick 0.2.0.0"
| #define PACKAGE_BUGREPORT "a.hillel@samsung.com"
| #define PACKAGE_URL ""
| #define PACKAGE "edje_pick"
| #define VERSION "0.2.0.0"
| /* end confdefs.h.  */
| #include <ac_nonexistent.h>
configure:3954: result: gcc -E
configure:3974: gcc -E  conftest.c
configure:3974: $? = 0
configure:3988: gcc -E  conftest.c
conftest.c:11:28: fatal error: ac_nonexistent.h: No such file or directory
compilation terminated.
configure:3988: $? = 1
configure: failed program was:
| /* confdefs.h */
| #define PACKAGE_NAME "edje_pick"
| #define PACKAGE_TARNAME "edje_pick"
| #define PACKAGE_VERSION "0.2.0.0"
| #define PACKAGE_STRING "edje_pick 0.2.0.0"
| #define PACKAGE_BUGREPORT "a.hillel@samsung.com"
| #define PACKAGE_URL ""
| #define PACKAGE "edje_pick"
| #define VERSION "0.2.0.0"
| /* end confdefs.h.  */
| #include <ac_nonexistent.h>
configure:4017: checking for grep that handles long lines and -e
configure:4075: result: /bin/grep
configure:4080: checking for egrep
configure:4142: result: /bin/grep -E
configure:4147: checking for ANSI C header files
configure:4167: gcc -c -Wall -Wextra -Wshadow -g3 -O0  conftest.c >&5
configure:4167: $? = 0
configure:4240: gcc -o conftest -Wall -Wextra -Wshadow -g3 -O0   conftest.c  >&5
configure:4240: $? = 0
configure:4240: ./conftest
configure:4240: $? = 0
configure:4251: result: yes
configure:4264: checking for sys/types.h
configure:4264: gcc -c -Wall -Wextra -Wshadow -g3 -O0  conftest.c >&5
configure:4264: $? = 0
configure:4264: result: yes
configure:4264: checking for sys/stat.h
configure:4264: gcc -c -Wall -Wextra -Wshadow -g3 -O0  conftest.c >&5
configure:4264: $? = 0
configure:4264: result: yes
configure:4264: checking for stdlib.h
configure:4264: gcc -c -Wall -Wextra -Wshadow -g3 -O0  conftest.c >&5
configure:4264: $? = 0
configure:4264: result: yes
configure:4264: checking for string.h
configure:4264: gcc -c -Wall -Wextra -Wshadow -g3 -O0  conftest.c >&5
configure:4264: $? = 0
configure:4264: result: yes
configure:4264: checking for memory.h
configure:4264: gcc -c -Wall -Wextra -Wshadow -g3 -O0  conftest.c >&5
configure:4264: $? = 0
configure:4264: result: yes
configure:4264: checking for strings.h
configure:4264: gcc -c -Wall -Wextra -Wshadow -g3 -O0  conftest.c >&5
configure:4264: $? = 0
configure:4264: result: yes
configure:4264: checking for inttypes.h
configure:4264: gcc -c -Wall -Wextra -Wshadow -g3 -O0  conftest.c >&5
configure:4264: $? = 0
configure:4264: result: yes
configure:4264: checking for stdint.h
configure:4264: gcc -c -Wall -Wextra -Wshadow -g3 -O0  conftest.c >&5
configure:4264: $? = 0
configure:4264: result: yes
configure:4264: checking for unistd.h
configure:4264: gcc -c -Wall -Wextra -Wshadow -g3 -O0  conftest.c >&5
configure:4264: $? = 0
configure:4264: result: yes
configure:4277: checking minix/config.h usability
configure:4277: gcc -c -Wall -Wextra -Wshadow -g3 -O0  conftest.c >&5
conftest.c:54:26: fatal error: minix/config.h: No such file or directory
compilation terminated.
configure:4277: $? = 1
configure: failed program was:
| /* confdefs.h */
| #define PACKAGE_NAME "edje_pick"
| #define PACKAGE_TARNAME "edje_pick"
| #define PACKAGE_VERSION "0.2.0.0"
| #define PACKAGE_STRING "edje_pick 0.2.0.0"
| #define PACKAGE_BUGREPORT "a.hillel@samsung.com"
| #define PACKAGE_URL ""
| #define PACKAGE "edje_pick"
| #define VERSION "0.2.0.0"
| #define STDC_HEADERS 1
| #define HAVE_SYS_TYPES_H 1
| #define HAVE_SYS_STAT_H 1
| #define HAVE_STDLIB_H 1
| #define HAVE_STRING_H 1
| #define HAVE_MEMORY_H 1
| #define HAVE_STRINGS_H 1
| #define HAVE_INTTYPES_H 1
| #define HAVE_STDINT_H 1
| #define HAVE_UNISTD_H 1
| /* end confdefs.h.  */
| #include <stdio.h>
| #ifdef HAVE_SYS_TYPES_H
| # include <sys/types.h>
| #endif
| #ifdef HAVE_SYS_STAT_H
| # include <sys/stat.h>
| #endif
| #ifdef STDC_HEADERS
| # include <stdlib.h>
| # include <stddef.h>
| #else
| # ifdef HAVE_STDLIB_H
| #  include <stdlib.h>
| # endif
| #endif
| #ifdef HAVE_STRING_H
| # if !defined STDC_HEADERS && defined HAVE_MEMORY_H
| #  include <memory.h>
| # endif
| # include <string.h>
| #endif
| #ifdef HAVE_STRINGS_H
| # include <strings.h>
| #endif
| #ifdef HAVE_INTTYPES_H
| # include <inttypes.h>
| #endif
| #ifdef HAVE_STDINT_H
| # include <stdint.h>
| #endif
| #ifdef HAVE_UNISTD_H
| # include <unistd.h>
| #endif
| #include <minix/config.h>
configure:4277: result: no
configure:4277: checking minix/config.h presence
configure:4277: gcc -E  conftest.c
conftest.c:21:26: fatal error: minix/config.h: No such file or directory
compilation terminated.
configure:4277: $? = 1
configure: failed program was:
| /* confdefs.h */
| #define PACKAGE_NAME "edje_pick"
| #define PACKAGE_TARNAME "edje_pick"
| #define PACKAGE_VERSION "0.2.0.0"
| #define PACKAGE_STRING "edje_pick 0.2.0.0"
| #define PACKAGE_BUGREPORT "a.hillel@samsung.com"
| #define PACKAGE_URL ""
| #define PACKAGE "edje_pick"
| #define VERSION "0.2.0.0"
| #define STDC_HEADERS 1
| #define HAVE_SYS_TYPES_H 1
| #define HAVE_SYS_STAT_H 1
| #define HAVE_STDLIB_H 1
| #define HAVE_STRING_H 1
| #define HAVE_MEMORY_H 1
| #define HAVE_STRINGS_H 1
| #define HAVE_INTTYPES_H 1
| #define HAVE_STDINT_H 1
| #define HAVE_UNISTD_H 1
| /* end confdefs.h.  */
| #include <minix/config.h>
configure:4277: result: no
configure:4277: checking for minix/config.h
configure:4277: result: no
configure:4298: checking whether it is safe to define __EXTENSIONS__
configure:4316: gcc -c -Wall -Wextra -Wshadow -g3 -O0  conftest.c >&5
configure:4316: $? = 0
configure:4323: result: yes
configure:4384: checking how to print strings
configure:4411: result: printf
configure:4432: checking for a sed that does not truncate output
configure:4496: result: /bin/sed
configure:4514: checking for fgrep
configure:4576: result: /bin/grep -F
configure:4611: checking for ld used by gcc
configure:4678: result: /usr/bin/ld
configure:4685: checking if the linker (/usr/bin/ld) is GNU ld
configure:4700: result: yes
configure:4712: checking for BSD- or MS-compatible name lister (nm)
configure:4761: result: /usr/bin/nm -B
configure:4891: checking the name lister (/usr/bin/nm -B) interface
configure:4898: gcc -c -Wall -Wextra -Wshadow -g3 -O0  conftest.c >&5
configure:4901: /usr/bin/nm -B "conftest.o"
configure:4904: output
00000000 B some_variable
00000000 n wm4.1.1ae4d7e92a0345e1f7c965072d7724a0
configure:4911: result: BSD nm
configure:4914: checking whether ln -s works
configure:4918: result: yes
configure:4926: checking the maximum length of command line arguments
configure:5056: result: 805306365
configure:5073: checking whether the shell understands some XSI constructs
configure:5083: result: yes
configure:5087: checking whether the shell understands "+="
configure:5093: result: yes
configure:5128: checking how to convert i686-pc-linux-gnu file names to i686-pc-linux-gnu format
configure:5168: result: func_convert_file_noop
configure:5175: checking how to convert i686-pc-linux-gnu file names to toolchain format
configure:5195: result: func_convert_file_noop
configure:5202: checking for /usr/bin/ld option to reload object files
configure:5209: result: -r
configure:5283: checking for objdump
configure:5299: found /usr/bin/objdump
configure:5310: result: objdump
configure:5342: checking how to recognize dependent libraries
configure:5544: result: pass_all
configure:5629: checking for dlltool
configure:5659: result: no
configure:5689: checking how to associate runtime and link libraries
configure:5716: result: printf %s\n
configure:5776: checking for ar
configure:5792: found /usr/bin/ar
configure:5803: result: ar
configure:5840: checking for archiver @FILE support
configure:5857: gcc -c -Wall -Wextra -Wshadow -g3 -O0  conftest.c >&5
configure:5857: $? = 0
configure:5860: ar cru libconftest.a @conftest.lst >&5
configure:5863: $? = 0
configure:5868: ar cru libconftest.a @conftest.lst >&5
ar: conftest.o: No such file or directory
configure:5871: $? = 1
configure:5883: result: @
configure:5941: checking for strip
configure:5957: found /usr/bin/strip
configure:5968: result: strip
configure:6040: checking for ranlib
configure:6056: found /usr/bin/ranlib
configure:6067: result: ranlib
configure:6169: checking command to parse /usr/bin/nm -B output from gcc object
configure:6289: gcc -c -Wall -Wextra -Wshadow -g3 -O0  conftest.c >&5
configure:6292: $? = 0
configure:6296: /usr/bin/nm -B conftest.o \| sed -n -e 's/^.*[ ]\([ABCDGIRSTW][ABCDGIRSTW]*\)[ ][ ]*\([_A-Za-z][_A-Za-z0-9]*\)$/\1 \2 \2/p' | sed '/ __gnu_lto/d' \> conftest.nm
configure:6299: $? = 0
configure:6365: gcc -o conftest -Wall -Wextra -Wshadow -g3 -O0   conftest.c conftstm.o >&5
configure:6368: $? = 0
configure:6406: result: ok
configure:6443: checking for sysroot
configure:6473: result: no
configure:6729: checking for mt
configure:6745: found /bin/mt
configure:6756: result: mt
configure:6779: checking if mt is a manifest tool
configure:6785: mt '-?'
configure:6793: result: no
configure:7432: checking for dlfcn.h
configure:7432: gcc -c -Wall -Wextra -Wshadow -g3 -O0  conftest.c >&5
configure:7432: $? = 0
configure:7432: result: yes
configure:7638: checking for objdir
configure:7653: result: .libs
configure:7924: checking if gcc supports -fno-rtti -fno-exceptions
configure:7942: gcc -c -Wall -Wextra -Wshadow -g3 -O0  -fno-rtti -fno-exceptions conftest.c >&5
cc1: warning: command line option '-fno-rtti' is valid for C++/ObjC++ but not for C [enabled by default]
configure:7946: $? = 0
configure:7959: result: no
configure:8286: checking for gcc option to produce PIC
configure:8293: result: -fPIC -DPIC
configure:8301: checking if gcc PIC flag -fPIC -DPIC works
configure:8319: gcc -c -Wall -Wextra -Wshadow -g3 -O0  -fPIC -DPIC -DPIC conftest.c >&5
configure:8323: $? = 0
configure:8336: result: yes
configure:8365: checking if gcc static flag -static works
configure:8393: result: yes
configure:8408: checking if gcc supports -c -o file.o
configure:8429: gcc -c -Wall -Wextra -Wshadow -g3 -O0  -o out/conftest2.o conftest.c >&5
configure:8433: $? = 0
configure:8455: result: yes
configure:8463: checking if gcc supports -c -o file.o
configure:8510: result: yes
configure:8543: checking whether the gcc linker (/usr/bin/ld) supports shared libraries
configure:9700: result: yes
configure:9737: checking whether -lc should be explicitly linked in
configure:9745: gcc -c -Wall -Wextra -Wshadow -g3 -O0  conftest.c >&5
configure:9748: $? = 0
configure:9763: gcc -shared  -fPIC -DPIC conftest.o  -v -Wl,-soname -Wl,conftest -o conftest 2\>\&1 \| /bin/grep  -lc  \>/dev/null 2\>\&1
configure:9766: $? = 0
configure:9780: result: no
configure:9940: checking dynamic linker characteristics
configure:10451: gcc -o conftest -Wall -Wextra -Wshadow -g3 -O0   -Wl,-rpath -Wl,/foo conftest.c  >&5
configure:10451: $? = 0
configure:10685: result: GNU/Linux ld.so
configure:10792: checking how to hardcode library paths into programs
configure:10817: result: immediate
configure:11357: checking whether stripping libraries is possible
configure:11362: result: yes
configure:11397: checking if libtool supports shared libraries
configure:11399: result: yes
configure:11402: checking whether to build shared libraries
configure:11423: result: yes
configure:11426: checking whether to build static libraries
configure:11430: result: yes
configure:11555: checking for pkg-config
configure:11573: found /usr/bin/pkg-config
configure:11585: result: /usr/bin/pkg-config
configure:11610: checking pkg-config is at least version 0.9.0
configure:11613: result: yes
configure:11623: checking for EFL
configure:11640: $PKG_CONFIG --exists --print-errors "
   eina >= 1.7.99
   eet >= 1.7.99
   elementary >= 1.7.99
   evas >= 1.7.99
   ecore >= 1.7.99
   ecore-ipc >= 1.7.99
   edje >= 1.7.99
   eo >= 1.7.99

 "
configure:11653: $? = 0
configure:11687: $PKG_CONFIG --exists --print-errors "
   eina >= 1.7.99
   eet >= 1.7.99
   elementary >= 1.7.99
   evas >= 1.7.99
   ecore >= 1.7.99
   ecore-ipc >= 1.7.99
   edje >= 1.7.99
   eo >= 1.7.99

 "
configure:11700: $? = 0
configure:11798: result: yes
configure:11809: $PKG_CONFIG --exists --print-errors "systemd"
Package systemd was not found in the pkg-config search path.
Perhaps you should add the directory containing `systemd.pc'
to the PKG_CONFIG_PATH environment variable
No package 'systemd' found
configure:11812: $? = 1
configure:11854: checking for __attribute__ ((unused))
configure:11870: gcc -c -Wall -Wextra -Wshadow -g3 -O0  conftest.c >&5
configure:11870: $? = 0
configure:11876: result: yes
configure:11890: checking for dlopen in -ldl
configure:11915: gcc -o conftest -Wall -Wextra -Wshadow -g3 -O0   conftest.c -ldl   >&5
configure:11915: $? = 0
configure:11924: result: yes
configure:11938: checking for dlopen
configure:11938: gcc -o conftest -Wall -Wextra -Wshadow -g3 -O0   conftest.c -ldl  >&5
configure:11938: $? = 0
configure:11938: result: yes
configure:11938: checking for dlerror
configure:11938: gcc -o conftest -Wall -Wextra -Wshadow -g3 -O0   conftest.c -ldl  >&5
configure:11938: $? = 0
configure:11938: result: yes
configure:12085: creating ./config.status

## ---------------- ##
## Cache variables. ##
## ---------------- ##

ac_cv_build=i686-pc-linux-gnu
ac_cv_c_compiler_gnu=yes
ac_cv_env_CC_set=
ac_cv_env_CC_value=
ac_cv_env_CFLAGS_set=set
ac_cv_env_CFLAGS_value='-Wall -Wextra -Wshadow -g3 -O0'
ac_cv_env_CPPFLAGS_set=
ac_cv_env_CPPFLAGS_value=
ac_cv_env_CPP_set=
ac_cv_env_CPP_value=
ac_cv_env_EFL_CFLAGS_set=
ac_cv_env_EFL_CFLAGS_value=
ac_cv_env_EFL_LIBS_set=
ac_cv_env_EFL_LIBS_value=
ac_cv_env_LDFLAGS_set=
ac_cv_env_LDFLAGS_value=
ac_cv_env_LIBS_set=
ac_cv_env_LIBS_value=
ac_cv_env_PKG_CONFIG_LIBDIR_set=
ac_cv_env_PKG_CONFIG_LIBDIR_value=
ac_cv_env_PKG_CONFIG_PATH_set=set
ac_cv_env_PKG_CONFIG_PATH_value=/opt/e17/lib/pkgconfig/
ac_cv_env_PKG_CONFIG_set=
ac_cv_env_PKG_CONFIG_value=
ac_cv_env_USER_SESSION_DIR_set=
ac_cv_env_USER_SESSION_DIR_value=
ac_cv_env_build_alias_set=
ac_cv_env_build_alias_value=
ac_cv_env_host_alias_set=
ac_cv_env_host_alias_value=
ac_cv_env_target_alias_set=
ac_cv_env_target_alias_value=
ac_cv_func_dlerror=yes
ac_cv_func_dlopen=yes
ac_cv_header_dlfcn_h=yes
ac_cv_header_inttypes_h=yes
ac_cv_header_memory_h=yes
ac_cv_header_minix_config_h=no
ac_cv_header_stdc=yes
ac_cv_header_stdint_h=yes
ac_cv_header_stdlib_h=yes
ac_cv_header_string_h=yes
ac_cv_header_strings_h=yes
ac_cv_header_sys_stat_h=yes
ac_cv_header_sys_types_h=yes
ac_cv_header_unistd_h=yes
ac_cv_host=i686-pc-linux-gnu
ac_cv_lib_dl_dlopen=yes
ac_cv_objext=o
ac_cv_path_EGREP='/bin/grep -E'
ac_cv_path_FGREP='/bin/grep -F'
ac_cv_path_GREP=/bin/grep
ac_cv_path_SED=/bin/sed
ac_cv_path_ac_pt_PKG_CONFIG=/usr/bin/pkg-config
ac_cv_path_install='/usr/bin/install -c'
ac_cv_path_mkdir=/bin/mkdir
ac_cv_prog_AWK=mawk
ac_cv_prog_CPP='gcc -E'
ac_cv_prog_ac_ct_AR=ar
ac_cv_prog_ac_ct_CC=gcc
ac_cv_prog_ac_ct_MANIFEST_TOOL=mt
ac_cv_prog_ac_ct_OBJDUMP=objdump
ac_cv_prog_ac_ct_RANLIB=ranlib
ac_cv_prog_ac_ct_STRIP=strip
ac_cv_prog_cc_c89=
ac_cv_prog_cc_g=yes
ac_cv_prog_make_make_set=yes
ac_cv_safe_to_define___extensions__=yes
ac_cv_target=i686-pc-linux-gnu
am_cv_CC_dependencies_compiler_type=gcc3
am_cv_make_support_nested_variables=yes
lt_cv_ar_at_file=@
lt_cv_archive_cmds_need_lc=no
lt_cv_deplibs_check_method=pass_all
lt_cv_file_magic_cmd='$MAGIC_CMD'
lt_cv_file_magic_test_file=
lt_cv_ld_reload_flag=-r
lt_cv_nm_interface='BSD nm'
lt_cv_objdir=.libs
lt_cv_path_LD=/usr/bin/ld
lt_cv_path_NM='/usr/bin/nm -B'
lt_cv_path_mainfest_tool=no
lt_cv_prog_compiler_c_o=yes
lt_cv_prog_compiler_pic='-fPIC -DPIC'
lt_cv_prog_compiler_pic_works=yes
lt_cv_prog_compiler_rtti_exceptions=no
lt_cv_prog_compiler_static_works=yes
lt_cv_prog_gnu_ld=yes
lt_cv_sharedlib_from_linklib_cmd='printf %s\n'
lt_cv_shlibpath_overrides_runpath=no
lt_cv_sys_global_symbol_pipe='sed -n -e '\''s/^.*[	 ]\([ABCDGIRSTW][ABCDGIRSTW]*\)[	 ][	 ]*\([_A-Za-z][_A-Za-z0-9]*\)$/\1 \2 \2/p'\'' | sed '\''/ __gnu_lto/d'\'''
lt_cv_sys_global_symbol_to_c_name_address='sed -n -e '\''s/^: \([^ ]*\)[ ]*$/  {\"\1\", (void *) 0},/p'\'' -e '\''s/^[ABCDGIRSTW]* \([^ ]*\) \([^ ]*\)$/  {"\2", (void *) \&\2},/p'\'''
lt_cv_sys_global_symbol_to_c_name_address_lib_prefix='sed -n -e '\''s/^: \([^ ]*\)[ ]*$/  {\"\1\", (void *) 0},/p'\'' -e '\''s/^[ABCDGIRSTW]* \([^ ]*\) \(lib[^ ]*\)$/  {"\2", (void *) \&\2},/p'\'' -e '\''s/^[ABCDGIRSTW]* \([^ ]*\) \([^ ]*\)$/  {"lib\2", (void *) \&\2},/p'\'''
lt_cv_sys_global_symbol_to_cdecl='sed -n -e '\''s/^T .* \(.*\)$/extern int \1();/p'\'' -e '\''s/^[ABCDGIRSTW]* .* \(.*\)$/extern char \1;/p'\'''
lt_cv_sys_max_cmd_len=805306365
lt_cv_to_host_file_cmd=func_convert_file_noop
lt_cv_to_tool_file_cmd=func_convert_file_noop
pkg_cv_EFL_CFLAGS='-pthread -I/opt/e17/include/eina-1 -I/opt/e17/include/eina-1/eina -I/opt/e17/include/eet-1 -I/opt/e17/include/elementary-1 -I/opt/e17/include/ethumb-client-1 -I/opt/e17/include -I/opt/e17/include/efreet-1 -I/opt/e17/include/eldbus-1 -I/opt/e17/include/ecore-x-1 -I/opt/e17/include/emotion-1 -I/opt/e17/include/eio-1 -I/opt/e17/include/ecore-con-1 -I/opt/e17/include/ecore-imf-1 -I/opt/e17/include/edje-1 -I/opt/e17/include/ecore-file-1 -I/opt/e17/include/ecore-evas-1 -I/opt/e17/include/ecore-1 -I/opt/e17/include/efl-1 -I/opt/e17/include/evas-1 -I/opt/e17/include/ethumb-1 -I/opt/e17/include/eo-1 -I/opt/e17/include/ephysics-1 -I/opt/e17/include/embryo-1 -I/opt/e17/include/ecore-imf-evas-1 -I/opt/e17/include/ecore-input-1 -I/opt/e17/include/ecore-input-evas-1 -I/opt/e17/include/eeze-1 -I/opt/e17/include/ecore-ipc-1 -I/usr/local/include/bullet -I/usr/include/lua5.1 -I/usr/include/glib-2.0 -I/usr/lib/i386-linux-gnu/glib-2.0/include -I/usr/include/libpng12 -I/usr/include/fribidi -I/usr/include/freetype2 -I/usr/include/dbus-1.0 -I/usr/lib/i386-linux-gnu/dbus-1.0/include -I/usr/include/libmount -I/usr/include/blkid -I/usr/include/uuid  '
pkg_cv_EFL_LIBS='-L/opt/e17/lib -lelementary -lm -leina -lpthread -leet -lecore_evas -lecore_file -lecore_input -lefreet -lefreet_mime -lefreet_trash -lethumb_client -lecore_imf -lecore_con -levas -lecore -lecore_ipc -ledje -leo  '

## ----------------- ##
## Output variables. ##
## ----------------- ##

ACLOCAL='${SHELL} /home/aharon/e17/edje_pick/missing --run aclocal-1.11'
AMDEPBACKSLASH='\'
AMDEP_FALSE='#'
AMDEP_TRUE=''
AMTAR='$${TAR-tar}'
AM_BACKSLASH='\'
AM_DEFAULT_V='$(AM_DEFAULT_VERBOSITY)'
AM_DEFAULT_VERBOSITY='0'
AM_V='$(V)'
AR='ar'
AUTOCONF='${SHELL} /home/aharon/e17/edje_pick/missing --run autoconf'
AUTOHEADER='${SHELL} /home/aharon/e17/edje_pick/missing --run autoheader'
AUTOMAKE='${SHELL} /home/aharon/e17/edje_pick/missing --run automake-1.11'
AWK='mawk'
CC='gcc'
CCDEPMODE='depmode=gcc3'
CFLAGS='-Wall -Wextra -Wshadow -g3 -O0'
CPP='gcc -E'
CPPFLAGS=''
CYGPATH_W='echo'
DEFS='-DHAVE_CONFIG_H'
DEPDIR='.deps'
DLLTOOL='false'
DSYMUTIL=''
DUMPBIN=''
ECHO_C=''
ECHO_N='-n'
ECHO_T=''
EFL_CFLAGS='-pthread -I/opt/e17/include/eina-1 -I/opt/e17/include/eina-1/eina -I/opt/e17/include/eet-1 -I/opt/e17/include/elementary-1 -I/opt/e17/include/ethumb-client-1 -I/opt/e17/include -I/opt/e17/include/efreet-1 -I/opt/e17/include/eldbus-1 -I/opt/e17/include/ecore-x-1 -I/opt/e17/include/emotion-1 -I/opt/e17/include/eio-1 -I/opt/e17/include/ecore-con-1 -I/opt/e17/include/ecore-imf-1 -I/opt/e17/include/edje-1 -I/opt/e17/include/ecore-file-1 -I/opt/e17/include/ecore-evas-1 -I/opt/e17/include/ecore-1 -I/opt/e17/include/efl-1 -I/opt/e17/include/evas-1 -I/opt/e17/include/ethumb-1 -I/opt/e17/include/eo-1 -I/opt/e17/include/ephysics-1 -I/opt/e17/include/embryo-1 -I/opt/e17/include/ecore-imf-evas-1 -I/opt/e17/include/ecore-input-1 -I/opt/e17/include/ecore-input-evas-1 -I/opt/e17/include/eeze-1 -I/opt/e17/include/ecore-ipc-1 -I/usr/local/include/bullet -I/usr/include/lua5.1 -I/usr/include/glib-2.0 -I/usr/lib/i386-linux-gnu/glib-2.0/include -I/usr/include/libpng12 -I/usr/include/fribidi -I/usr/include/freetype2 -I/usr/include/dbus-1.0 -I/usr/lib/i386-linux-gnu/dbus-1.0/include -I/usr/include/libmount -I/usr/include/blkid -I/usr/include/uuid  '
EFL_LIBS='-L/opt/e17/lib -lelementary -lm -leina -lpthread -leet -lecore_evas -lecore_file -lecore_input -lefreet -lefreet_mime -lefreet_trash -lethumb_client -lecore_imf -lecore_con -levas -lecore -lecore_ipc -ledje -leo  '
EGREP='/bin/grep -E'
EXEEXT=''
FGREP='/bin/grep -F'
GREP='/bin/grep'
HAVE_SYSTEMD_USER_SESSION_FALSE=''
HAVE_SYSTEMD_USER_SESSION_TRUE='#'
INSTALL_DATA='${INSTALL} -m 644'
INSTALL_PROGRAM='${INSTALL}'
INSTALL_SCRIPT='${INSTALL}'
INSTALL_STRIP_PROGRAM='$(install_sh) -c -s'
LD='/usr/bin/ld'
LDFLAGS=''
LIBOBJS=''
LIBS='-ldl '
LIBTOOL='$(SHELL) $(top_builddir)/libtool'
LIPO=''
LN_S='ln -s'
LTLIBOBJS=''
MAKEINFO='${SHELL} /home/aharon/e17/edje_pick/missing --run makeinfo'
MANIFEST_TOOL=':'
MKDIR_P='/bin/mkdir -p'
NM='/usr/bin/nm -B'
NMEDIT=''
OBJDUMP='objdump'
OBJEXT='o'
OTOOL64=''
OTOOL=''
PACKAGE='edje_pick'
PACKAGE_BUGREPORT='a.hillel@samsung.com'
PACKAGE_NAME='edje_pick'
PACKAGE_STRING='edje_pick 0.2.0.0'
PACKAGE_TARNAME='edje_pick'
PACKAGE_URL=''
PACKAGE_VERSION='0.2.0.0'
PATH_SEPARATOR=':'
PKG_CONFIG='/usr/bin/pkg-config'
PKG_CONFIG_LIBDIR=''
PKG_CONFIG_PATH='/opt/e17/lib/pkgconfig/'
RANLIB='ranlib'
SED='/bin/sed'
SET_MAKE=''
SHELL='/bin/bash'
STRIP='strip'
USER_SESSION_DIR=''
VERSION='0.2.0.0'
VMAJ='0'
ac_ct_AR='ar'
ac_ct_CC='gcc'
ac_ct_DUMPBIN=''
am__EXEEXT_FALSE=''
am__EXEEXT_TRUE='#'
am__fastdepCC_FALSE='#'
am__fastdepCC_TRUE=''
am__include='include'
am__isrc=''
am__leading_dot='.'
am__nodep='_no'
am__quote=''
am__tar='$${TAR-tar} chof - "$$tardir"'
am__untar='$${TAR-tar} xf -'
bindir='${exec_prefix}/bin'
build='i686-pc-linux-gnu'
build_alias=''
build_cpu='i686'
build_os='linux-gnu'
build_vendor='pc'
datadir='${datarootdir}'
datarootdir='${prefix}/share'
docdir='${datarootdir}/doc/${PACKAGE_TARNAME}'
dvidir='${docdir}'
exec_prefix='${prefix}'
host='i686-pc-linux-gnu'
host_alias=''
host_cpu='i686'
host_os='linux-gnu'
host_vendor='pc'
htmldir='${docdir}'
includedir='${prefix}/include'
infodir='${datarootdir}/info'
install_sh='${SHELL} /home/aharon/e17/edje_pick/install-sh'
libdir='${exec_prefix}/lib'
libexecdir='${exec_prefix}/libexec'
localedir='${datarootdir}/locale'
localstatedir='${prefix}/var'
lt_enable_auto_import=''
mandir='${datarootdir}/man'
mkdir_p='/bin/mkdir -p'
oldincludedir='/usr/include'
pdfdir='${docdir}'
prefix='/opt/e17'
program_transform_name='s,x,x,'
psdir='${docdir}'
release_info=''
sbindir='${exec_prefix}/sbin'
sharedstatedir='${prefix}/com'
sysconfdir='${prefix}/etc'
target='i686-pc-linux-gnu'
target_alias=''
target_cpu='i686'
target_os='linux-gnu'
target_vendor='pc'
version_info='2:0:2'

## ----------- ##
## confdefs.h. ##
## ----------- ##

/* confdefs.h */
#define PACKAGE_NAME "edje_pick"
#define PACKAGE_TARNAME "edje_pick"
#define PACKAGE_VERSION "0.2.0.0"
#define PACKAGE_STRING "edje_pick 0.2.0.0"
#define PACKAGE_BUGREPORT "a.hillel@samsung.com"
#define PACKAGE_URL ""
#define PACKAGE "edje_pick"
#define VERSION "0.2.0.0"
#define STDC_HEADERS 1
#define HAVE_SYS_TYPES_H 1
#define HAVE_SYS_STAT_H 1
#define HAVE_STDLIB_H 1
#define HAVE_STRING_H 1
#define HAVE_MEMORY_H 1
#define HAVE_STRINGS_H 1
#define HAVE_INTTYPES_H 1
#define HAVE_STDINT_H 1
#define HAVE_UNISTD_H 1
#define __EXTENSIONS__ 1
#define _ALL_SOURCE 1
#define _GNU_SOURCE 1
#define _POSIX_PTHREAD_SEMANTICS 1
#define _TANDEM_SOURCE 1
#define HAVE_DLFCN_H 1
#define LT_OBJDIR ".libs/"
#define VMAJ 0
#define VMIN 2
#define VMIC 0
#define VREV 0
#define __UNUSED__ __attribute__ ((unused))
#define HAVE_LIBDL 1
#define HAVE_DLOPEN 1
#define HAVE_DLERROR 1

configure: exit 0

## ---------------------- ##
## Running config.status. ##
## ---------------------- ##

This file was extended by edje_pick config.status 0.2.0.0, which was
generated by GNU Autoconf 2.69.  Invocation command line was

  CONFIG_FILES    = 
  CONFIG_HEADERS  = 
  CONFIG_LINKS    = 
  CONFIG_COMMANDS = 
  $ ./config.status 

on aharon

config.status:1121: creating edje_pick.pc
config.status:1121: creating Makefile
config.status:1121: creating src/Makefile
config.status:1121: creating src/lib/Makefile
config.status:1121: creating src/bin/Makefile
config.status:1121: creating config.h
config.status:1302: config.h is unchanged
config.status:1350: executing depfiles commands
config.status:1350: executing libtool commands
